\BOOKMARK [0][-]{dummy.1}{\376\377\000D\000e\000c\000l\000a\000r\000a\000t\000i\000o\000n\000\040\000o\000f\000\040\000A\000u\000t\000h\000o\000r\000s\000h\000i\000p}{}% 1
\BOOKMARK [0][-]{dummy.2}{\376\377\000A\000b\000s\000t\000r\000a\000c\000t}{}% 2
\BOOKMARK [0][-]{dummy.3}{\376\377\000A\000c\000k\000n\000o\000w\000l\000e\000d\000g\000e\000m\000e\000n\000t\000s}{}% 3
\BOOKMARK [0][-]{dummy.5}{\376\377\000L\000i\000s\000t\000\040\000o\000f\000\040\000F\000i\000g\000u\000r\000e\000s}{}% 4
\BOOKMARK [0][-]{dummy.7}{\376\377\000L\000i\000s\000t\000\040\000o\000f\000\040\000T\000a\000b\000l\000e\000s}{}% 5
\BOOKMARK [0][-]{dummy.9}{\376\377\000A\000b\000b\000r\000e\000v\000i\000a\000t\000i\000o\000n\000s}{}% 6
\BOOKMARK [0][-]{dummy.12}{\376\377\000P\000h\000y\000s\000i\000c\000a\000l\000\040\000C\000o\000n\000s\000t\000a\000n\000t\000s}{}% 7
\BOOKMARK [0][-]{dummy.15}{\376\377\000S\000y\000m\000b\000o\000l\000s}{}% 8
\BOOKMARK [0][-]{chapter.18}{\376\377\0001\000\040\000I\000n\000t\000r\000o\000d\000u\000c\000t\000i\000o\000n}{}% 9
\BOOKMARK [1][-]{section.19}{\376\377\0001\000.\0001\000\040\000E\000f\000f\000i\000c\000i\000e\000n\000t\000\040\000M\000a\000r\000k\000e\000t\000\040\000H\000y\000p\000o\000t\000h\000e\000s\000i\000s\000\040\000-\000\040\000E\000M\000H}{chapter.18}% 10
\BOOKMARK [2][-]{subsection.20}{\376\377\0001\000.\0001\000.\0001\000\040\000B\000r\000e\000a\000k\000i\000n\000g\000\040\000d\000o\000w\000n\000\040\000E\000M\000H}{section.19}% 11
\BOOKMARK [2][-]{subsection.21}{\376\377\0001\000.\0001\000.\0002\000\040\000W\000h\000a\000t\000\040\000E\000M\000H\000\040\000m\000e\000a\000n\000s\000\040\000f\000o\000r\000\040\000i\000n\000v\000e\000s\000t\000o\000r\000s}{section.19}% 12
\BOOKMARK [1][-]{section.22}{\376\377\0001\000.\0002\000\040\000Z\000e\000r\000o\000-\000S\000u\000m\000\040\000G\000a\000m\000e}{chapter.18}% 13
\BOOKMARK [2][-]{subsection.23}{\376\377\0001\000.\0002\000.\0001\000\040\000Z\000e\000r\000o\000-\000S\000u\000m\000\040\000G\000a\000m\000e\000\040\000\046\000\040\000E\000c\000o\000n\000o\000m\000i\000c\000s}{section.22}% 14
\BOOKMARK [0][-]{chapter.24}{\376\377\0002\000\040\000B\000a\000c\000k\000g\000r\000o\000u\000n\000d\000\040\000T\000h\000e\000o\000r\000y}{}% 15
\BOOKMARK [1][-]{section.25}{\376\377\0002\000.\0001\000\040\000T\000i\000m\000e\000\040\000S\000e\000r\000i\000e\000s\000\040\000A\000n\000a\000l\000y\000s\000i\000s}{chapter.24}% 16
\BOOKMARK [2][-]{subsection.26}{\376\377\0002\000.\0001\000.\0001\000\040\000A\000u\000t\000o\000\040\000R\000e\000g\000r\000e\000s\000s\000i\000v\000e\000\040\000M\000o\000v\000i\000n\000g\000\040\000A\000v\000e\000r\000a\000g\000e\000\040\000\050\000A\000R\000M\000A\000\051}{section.25}% 17
\BOOKMARK [2][-]{subsection.27}{\376\377\0002\000.\0001\000.\0002\000\040\000A\000u\000t\000o\000\040\000R\000e\000g\000r\000e\000s\000s\000i\000v\000e\000\040\000I\000n\000t\000e\000g\000r\000a\000t\000e\000d\000\040\000M\000o\000v\000i\000n\000g\000\040\000A\000v\000e\000r\000a\000g\000e\000\040\000\050\000A\000R\000I\000M\000A\000\051}{section.25}% 18
\BOOKMARK [1][-]{section.28}{\376\377\0002\000.\0002\000\040\000S\000t\000a\000t\000i\000s\000t\000i\000c\000a\000l\000\040\000M\000a\000c\000h\000i\000n\000e\000\040\000L\000e\000a\000r\000n\000i\000n\000g}{chapter.24}% 19
\BOOKMARK [2][-]{subsection.29}{\376\377\0002\000.\0002\000.\0001\000\040\000C\000l\000a\000s\000s\000i\000f\000i\000c\000a\000t\000i\000o\000n}{section.28}% 20
\BOOKMARK [2][-]{subsection.30}{\376\377\0002\000.\0002\000.\0002\000\040\000S\000u\000p\000p\000o\000r\000t\000\040\000V\000e\000c\000t\000o\000r\000\040\000M\000a\000c\000h\000i\000n\000e\000s}{section.28}% 21
\BOOKMARK [2][-]{subsection.31}{\376\377\0002\000.\0002\000.\0003\000\040\000R\000e\000g\000r\000e\000s\000s\000i\000o\000n}{section.28}% 22
\BOOKMARK [2][-]{subsection.32}{\376\377\0002\000.\0002\000.\0004\000\040\000D\000e\000c\000i\000s\000i\000o\000n\000\040\000T\000r\000e\000e\000s}{section.28}% 23
\BOOKMARK [1][-]{section.33}{\376\377\0002\000.\0003\000\040\000B\000a\000y\000e\000s\000i\000a\000n\000\040\000S\000t\000a\000t\000i\000s\000t\000i\000c\000s}{chapter.24}% 24
\BOOKMARK [2][-]{subsection.34}{\376\377\0002\000.\0003\000.\0001\000\040\000M\000a\000r\000k\000o\000v\000\040\000C\000h\000a\000i\000n\000\040\000M\000o\000n\000t\000e\000\040\000C\000a\000r\000l\000o\000\040\000\050\000M\000C\000M\000C\000\051}{section.33}% 25
\BOOKMARK [0][-]{chapter.35}{\376\377\0003\000\040\000E\000x\000p\000e\000r\000m\000i\000n\000e\000t\000a\000l\000\040\000S\000e\000t\000u\000p}{}% 26
\BOOKMARK [1][-]{section.36}{\376\377\0003\000.\0001\000\040\000D\000a\000t\000a\000\040\000T\000i\000d\000y\000i\000n\000g}{chapter.35}% 27
\BOOKMARK [1][-]{section.37}{\376\377\0003\000.\0002\000\040\000S\000t\000o\000c\000k\000\040\000S\000e\000l\000e\000c\000t\000i\000o\000n}{chapter.35}% 28
\BOOKMARK [1][-]{section.38}{\376\377\0003\000.\0003\000\040\000T\000i\000m\000e\000\040\000S\000e\000r\000i\000e\000s\000\040\000A\000n\000a\000l\000y\000s\000i\000s}{chapter.35}% 29
\BOOKMARK [2][-]{subsection.39}{\376\377\0003\000.\0003\000.\0001\000\040\000R\000a\000n\000d\000o\000m\000\040\000W\000a\000l\000k}{section.38}% 30
\BOOKMARK [2][-]{subsection.40}{\376\377\0003\000.\0003\000.\0002\000\040\000O\000r\000d\000i\000n\000a\000r\000y\000\040\000L\000e\000a\000s\000t\000\040\000S\000q\000u\000a\000r\000e\000s\000\040\000\050\000O\000L\000S\000\051}{section.38}% 31
\BOOKMARK [2][-]{subsection.41}{\376\377\0003\000.\0003\000.\0003\000\040\000A\000u\000t\000o\000\040\000R\000e\000g\000r\000e\000s\000s\000i\000v\000e\000\040\000\050\000A\000R\000\051}{section.38}% 32
\BOOKMARK [2][-]{subsection.42}{\376\377\0003\000.\0003\000.\0004\000\040\000M\000o\000v\000i\000n\000g\000\040\000A\000v\000e\000r\000a\000g\000e\000\040\000\050\000M\000A\000\051}{section.38}% 33
\BOOKMARK [2][-]{subsection.43}{\376\377\0003\000.\0003\000.\0005\000\040\000A\000u\000t\000o\000\040\000R\000e\000g\000r\000e\000s\000s\000i\000v\000e\000\040\000M\000o\000v\000i\000n\000g\000\040\000A\000v\000e\000r\000a\000g\000e\000\040\000\050\000A\000R\000M\000A\000\051}{section.38}% 34
\BOOKMARK [2][-]{subsection.44}{\376\377\0003\000.\0003\000.\0006\000\040\000A\000u\000t\000o\000\040\000R\000e\000g\000r\000e\000s\000s\000i\000v\000e\000\040\000I\000n\000t\000e\000g\000r\000a\000t\000e\000d\000\040\000M\000o\000v\000i\000n\000g\000\040\000A\000v\000e\000r\000a\000g\000e\000\040\000\050\000A\000R\000I\000M\000A\000\051}{section.38}% 35
\BOOKMARK [1][-]{section.45}{\376\377\0003\000.\0004\000\040\000M\000a\000c\000h\000i\000n\000e\000\040\000L\000e\000a\000r\000n\000i\000n\000g}{chapter.35}% 36
\BOOKMARK [2][-]{subsection.46}{\376\377\0003\000.\0004\000.\0001\000\040\000C\000l\000a\000s\000s\000i\000f\000i\000c\000a\000t\000i\000o\000n}{section.45}% 37
\BOOKMARK [3][-]{subsubsection.47}{\376\377\0003\000.\0004\000.\0001\000.\0001\000\040\000D\000e\000c\000i\000s\000i\000o\000n\000\040\000T\000r\000e\000e}{subsection.46}% 38
\BOOKMARK [3][-]{subsubsection.48}{\376\377\0003\000.\0004\000.\0001\000.\0002\000\040\000B\000o\000o\000s\000t\000e\000d\000\040\000D\000e\000c\000i\000s\000i\000o\000n\000\040\000T\000r\000e\000e}{subsection.46}% 39
\BOOKMARK [3][-]{subsubsection.49}{\376\377\0003\000.\0004\000.\0001\000.\0003\000\040\000S\000u\000p\000p\000o\000r\000t\000\040\000V\000e\000c\000t\000o\000r\000\040\000M\000a\000c\000h\000i\000n\000e\000\040\000\050\000S\000V\000M\000\051}{subsection.46}% 40
\BOOKMARK [3][-]{subsubsection.50}{\376\377\0003\000.\0004\000.\0001\000.\0004\000\040\000R\000a\000n\000d\000o\000m\000\040\000F\000o\000r\000e\000s\000t}{subsection.46}% 41
\BOOKMARK [3][-]{subsubsection.51}{\376\377\0003\000.\0004\000.\0001\000.\0005\000\040\000K\000-\000N\000e\000a\000r\000e\000s\000t\000\040\000N\000e\000i\000g\000h\000b\000o\000u\000r}{subsection.46}% 42
\BOOKMARK [3][-]{subsubsection.52}{\376\377\0003\000.\0004\000.\0001\000.\0006\000\040\000L\000o\000g\000i\000s\000t\000i\000c\000\040\000R\000e\000g\000r\000e\000s\000s\000i\000o\000n}{subsection.46}% 43
\BOOKMARK [3][-]{subsubsection.53}{\376\377\0003\000.\0004\000.\0001\000.\0007\000\040\000B\000e\000r\000n\000o\000u\000l\000l\000i\000\040\000N\000a\000i\000v\000e\000\040\000B\000a\000y\000e\000s}{subsection.46}% 44
\BOOKMARK [3][-]{subsubsection.54}{\376\377\0003\000.\0004\000.\0001\000.\0008\000\040\000G\000a\000u\000s\000s\000i\000a\000n\000\040\000N\000a\000i\000v\000e\000\040\000B\000a\000y\000e\000s}{subsection.46}% 45
\BOOKMARK [3][-]{subsubsection.55}{\376\377\0003\000.\0004\000.\0001\000.\0009\000\040\000N\000e\000u\000r\000a\000l\000\040\000N\000e\000t\000w\000o\000r\000k}{subsection.46}% 46
\BOOKMARK [3][-]{subsubsection.56}{\376\377\0003\000.\0004\000.\0001\000.\0001\0000\000\040\000S\000t\000o\000c\000h\000a\000s\000t\000i\000c\000\040\000G\000r\000a\000d\000i\000e\000n\000t\000\040\000D\000e\000s\000c\000e\000n\000t}{subsection.46}% 47
\BOOKMARK [2][-]{subsection.57}{\376\377\0003\000.\0004\000.\0002\000\040\000R\000e\000g\000r\000e\000s\000s\000i\000o\000n}{section.45}% 48
\BOOKMARK [3][-]{subsubsection.58}{\376\377\0003\000.\0004\000.\0002\000.\0001\000\040\000D\000e\000c\000i\000s\000i\000o\000n\000\040\000T\000r\000e\000e}{subsection.57}% 49
\BOOKMARK [3][-]{subsubsection.59}{\376\377\0003\000.\0004\000.\0002\000.\0002\000\040\000B\000o\000o\000s\000t\000e\000d\000\040\000D\000e\000c\000i\000s\000i\000o\000n\000\040\000T\000r\000e\000e}{subsection.57}% 50
\BOOKMARK [3][-]{subsubsection.60}{\376\377\0003\000.\0004\000.\0002\000.\0003\000\040\000R\000a\000n\000d\000o\000m\000\040\000F\000o\000r\000e\000s\000t}{subsection.57}% 51
\BOOKMARK [3][-]{subsubsection.61}{\376\377\0003\000.\0004\000.\0002\000.\0004\000\040\000L\000i\000n\000e\000a\000r\000\040\000R\000e\000g\000r\000e\000s\000s\000i\000o\000n}{subsection.57}% 52
\BOOKMARK [3][-]{subsubsection.62}{\376\377\0003\000.\0004\000.\0002\000.\0005\000\040\000N\000e\000u\000r\000a\000l\000\040\000N\000e\000t\000w\000o\000r\000k}{subsection.57}% 53
\BOOKMARK [3][-]{subsubsection.63}{\376\377\0003\000.\0004\000.\0002\000.\0006\000\040\000S\000t\000o\000c\000h\000a\000s\000t\000i\000c\000\040\000G\000r\000a\000d\000i\000e\000n\000t\000\040\000D\000e\000s\000c\000e\000n\000t}{subsection.57}% 54
\BOOKMARK [1][-]{section.64}{\376\377\0003\000.\0005\000\040\000B\000a\000y\000e\000s\000i\000a\000n\000\040\000S\000t\000a\000t\000i\000s\000t\000i\000c\000s}{chapter.35}% 55
\BOOKMARK [2][-]{subsection.65}{\376\377\0003\000.\0005\000.\0001\000\040\000N\000o\000-\000U\000-\000T\000u\000r\000n\000\040\000S\000a\000m\000p\000l\000e\000r\000\040\000\050\000N\000U\000T\000S\000\051}{section.64}% 56
\BOOKMARK [2][-]{subsection.66}{\376\377\0003\000.\0005\000.\0002\000\040\000M\000e\000t\000r\000o\000p\000o\000l\000i\000s\000-\000H\000a\000s\000t\000i\000n\000g\000s}{section.64}% 57
\BOOKMARK [1][-]{section.67}{\376\377\0003\000.\0006\000\040\000S\000t\000r\000a\000t\000e\000g\000y}{chapter.35}% 58
\BOOKMARK [2][-]{subsection.68}{\376\377\0003\000.\0006\000.\0001\000\040\000C\000l\000a\000s\000s\000i\000f\000i\000c\000a\000t\000i\000o\000n}{section.67}% 59
\BOOKMARK [2][-]{subsection.69}{\376\377\0003\000.\0006\000.\0002\000\040\000R\000e\000g\000r\000e\000s\000s\000i\000o\000n}{section.67}% 60
\BOOKMARK [0][-]{chapter.70}{\376\377\0004\000\040\000R\000e\000s\000e\000a\000r\000c\000h\000\040\000F\000i\000n\000d\000i\000n\000g\000s}{}% 61
\BOOKMARK [1][-]{section.72}{\376\377\0004\000.\0001\000\040\000T\000i\000m\000e\000\040\000S\000e\000r\000i\000e\000s\000\040\000A\000n\000a\000l\000y\000s\000i\000s}{chapter.70}% 62
\BOOKMARK [2][-]{subsection.73}{\376\377\0004\000.\0001\000.\0001\000\040\000R\000a\000n\000d\000o\000m\000\040\000W\000a\000l\000k}{section.72}% 63
\BOOKMARK [2][-]{subsection.84}{\376\377\0004\000.\0001\000.\0002\000\040\000O\000r\000d\000i\000n\000a\000r\000y\000\040\000L\000e\000a\000s\000t\000\040\000S\000q\000u\000a\000r\000e\000s\000\040\000\050\000O\000L\000S\000\051}{section.72}% 64
\BOOKMARK [2][-]{subsection.95}{\376\377\0004\000.\0001\000.\0003\000\040\000A\000u\000t\000o\000\040\000R\000e\000g\000r\000e\000s\000s\000i\000v\000e\000\040\000\050\000A\000R\000\051}{section.72}% 65
\BOOKMARK [2][-]{subsection.116}{\376\377\0004\000.\0001\000.\0004\000\040\000M\000o\000v\000